<?xml version="1.0" encoding="UTF-8"?>
<!-- Generated by org.testng.reporters.JUnitXMLReporter -->
<testsuite ignored="0" hostname="DESKTOP-1U1212V" failures="0" tests="18" name="Test Case-1" time="93.944" errors="0" timestamp="2022-05-21T19:27:06 EDT">
  <testcase classname="com.qa.sco.testCases.LoginPageTest" name="Test5button" time="9.683"/>
  <testcase classname="com.qa.sco.testCases.LoginPageTest" name="Test5buttonDisable" time="1.364"/>
  <testcase classname="com.qa.sco.testCases.LoginPageTest" name="cellValue" time="0.131"/>
  <testcase classname="com.qa.sco.testCases.LoginPageTest" name="veriftyUsernameInputPresent" time="0.029"/>
  <testcase classname="com.qa.sco.testCases.LoginPageTest" name="verifyAfterSelection" time="0.511"/>
  <testcase classname="com.qa.sco.testCases.LoginPageTest" name="verifyBudgeValueOfSecondListItem" time="0.028"/>
  <testcase classname="com.qa.sco.testCases.LoginPageTest" name="verifyDefaultOption" time="0.024"/>
  <testcase classname="com.qa.sco.testCases.LoginPageTest" name="verifyFirstEnableButton" time="0.02"/>
  <testcase classname="com.qa.sco.testCases.LoginPageTest" name="verifyLoginButtonPresent" time="0.029"/>
  <testcase classname="com.qa.sco.testCases.LoginPageTest" name="verifyPasswordInputPresent" time="0.033"/>
  <testcase classname="com.qa.sco.testCases.LoginPageTest" name="verifySecondDisableButton" time="0.033"/>
  <testcase classname="com.qa.sco.testCases.LoginPageTest" name="verifySecondListItem" time="0.046"/>
  <testcase classname="com.qa.sco.testCases.LoginPageTest" name="verifyUsernamWithSpecCharWithPassword" time="0.131"/>
  <testcase classname="com.qa.sco.testCases.LoginPageTest" name="verifyUsernamWithoutSpecCharWithPassword" time="0.322"/>
  <testcase classname="com.qa.sco.testCases.LoginPageTest" name="verifyWithoutPasswordWithUsername" time="0.3"/>
  <testcase classname="com.qa.sco.testCases.LoginPageTest" name="verifyWithoutUsernameWithPassword" time="0.367"/>
  <testcase classname="com.qa.sco.testCases.LoginPageTest" name="verifytWithoutUserNameANDPassword" time="0.27"/>
  <testcase classname="com.qa.sco.testCases.LoginPageTest" name="verifytotalListgroup" time="0.022"/>
</testsuite> <!-- Test Case-1 -->
