<?xml version="1.0" encoding="UTF-8"?>
<!-- Generated by org.testng.reporters.JUnitXMLReporter -->
<testsuite ignored="0" hostname="DESKTOP-1U1212V" failures="0" tests="18" name="Default test" time="108.258" errors="0" timestamp="2022-05-21T19:41:23 EDT">
  <testcase classname="com.qa.sco.testCases.LoginPageTest" name="Test5button" time="9.692"/>
  <testcase classname="com.qa.sco.testCases.LoginPageTest" name="Test5buttonDisable" time="10.612"/>
  <testcase classname="com.qa.sco.testCases.LoginPageTest" name="cellValue" time="0.127"/>
  <testcase classname="com.qa.sco.testCases.LoginPageTest" name="veriftyUsernameInputPresent" time="0.029"/>
  <testcase classname="com.qa.sco.testCases.LoginPageTest" name="verifyAfterSelection" time="0.483"/>
  <testcase classname="com.qa.sco.testCases.LoginPageTest" name="verifyBudgeValueOfSecondListItem" time="0.021"/>
  <testcase classname="com.qa.sco.testCases.LoginPageTest" name="verifyDefaultOption" time="0.028"/>
  <testcase classname="com.qa.sco.testCases.LoginPageTest" name="verifyFirstEnableButton" time="0.022"/>
  <testcase classname="com.qa.sco.testCases.LoginPageTest" name="verifyLoginButtonPresent" time="0.034"/>
  <testcase classname="com.qa.sco.testCases.LoginPageTest" name="verifyPasswordInputPresent" time="0.029"/>
  <testcase classname="com.qa.sco.testCases.LoginPageTest" name="verifySecondDisableButton" time="0.025"/>
  <testcase classname="com.qa.sco.testCases.LoginPageTest" name="verifySecondListItem" time="0.06"/>
  <testcase classname="com.qa.sco.testCases.LoginPageTest" name="verifyUsernamWithSpecCharWithPassword" time="0.175"/>
  <testcase classname="com.qa.sco.testCases.LoginPageTest" name="verifyUsernamWithoutSpecCharWithPassword" time="0.297"/>
  <testcase classname="com.qa.sco.testCases.LoginPageTest" name="verifyWithoutPasswordWithUsername" time="0.354"/>
  <testcase classname="com.qa.sco.testCases.LoginPageTest" name="verifyWithoutUsernameWithPassword" time="0.296"/>
  <testcase classname="com.qa.sco.testCases.LoginPageTest" name="verifytWithoutUserNameANDPassword" time="0.324"/>
  <testcase classname="com.qa.sco.testCases.LoginPageTest" name="verifytotalListgroup" time="0.019"/>
</testsuite> <!-- Default test -->
