<?xml version="1.0" encoding="UTF-8"?>
<!-- Generated by org.testng.reporters.JUnitXMLReporter -->
<testsuite ignored="10" hostname="DESKTOP-1U1212V" failures="8" tests="8" name="TechnicalTest" time="0.049" errors="0" timestamp="2022-05-21T19:15:18 EDT">
  <testcase classname="com.qa.sco.testCases.LoginPageTest" name="veriftyUsernameInputPresent" time="0.005">
    <failure type="java.lang.NullPointerException" message="Cannot invoke &amp;quot;com.qa.sco.pages.HomePage.verifyUserName()&amp;quot; because &amp;quot;this.homepage&amp;quot; is null">
      <![CDATA[java.lang.NullPointerException: Cannot invoke "com.qa.sco.pages.HomePage.verifyUserName()" because "this.homepage" is null
at com.qa.sco.testCases.LoginPageTest.veriftyUsernameInputPresent(LoginPageTest.java:33)
at java.base/java.util.ArrayList.forEach(ArrayList.java:1511)
... Removed 27 stack frames]]>
    </failure>
  </testcase> <!-- veriftyUsernameInputPresent -->
  <testcase classname="com.qa.sco.testCases.LoginPageTest" name="verifyLoginButtonPresent" time="0.0">
    <failure type="java.lang.NullPointerException" message="Cannot invoke &amp;quot;com.qa.sco.pages.HomePage.verifySignIn()&amp;quot; because &amp;quot;this.homepage&amp;quot; is null">
      <![CDATA[java.lang.NullPointerException: Cannot invoke "com.qa.sco.pages.HomePage.verifySignIn()" because "this.homepage" is null
at com.qa.sco.testCases.LoginPageTest.verifyLoginButtonPresent(LoginPageTest.java:45)
at java.base/java.util.ArrayList.forEach(ArrayList.java:1511)
... Removed 27 stack frames]]>
    </failure>
  </testcase> <!-- verifyLoginButtonPresent -->
  <testcase classname="com.qa.sco.testCases.LoginPageTest" name="verifyPasswordInputPresent" time="0.001">
    <failure type="java.lang.NullPointerException" message="Cannot invoke &amp;quot;com.qa.sco.pages.HomePage.verifyPassword()&amp;quot; because &amp;quot;this.homepage&amp;quot; is null">
      <![CDATA[java.lang.NullPointerException: Cannot invoke "com.qa.sco.pages.HomePage.verifyPassword()" because "this.homepage" is null
at com.qa.sco.testCases.LoginPageTest.verifyPasswordInputPresent(LoginPageTest.java:39)
at java.base/java.util.ArrayList.forEach(ArrayList.java:1511)
... Removed 27 stack frames]]>
    </failure>
  </testcase> <!-- verifyPasswordInputPresent -->
  <testcase classname="com.qa.sco.testCases.LoginPageTest" name="verifyUsernamWithSpecCharWithPassword" time="0.001">
    <failure type="java.lang.NullPointerException" message="Cannot invoke &amp;quot;com.qa.sco.pages.HomePage.UsernamWithSpecCharWithPassword(String, String)&amp;quot; because &amp;quot;this.homepage&amp;quot; is null">
      <![CDATA[java.lang.NullPointerException: Cannot invoke "com.qa.sco.pages.HomePage.UsernamWithSpecCharWithPassword(String, String)" because "this.homepage" is null
at com.qa.sco.testCases.LoginPageTest.verifyUsernamWithSpecCharWithPassword(LoginPageTest.java:72)
at java.base/java.util.ArrayList.forEach(ArrayList.java:1511)
... Removed 27 stack frames]]>
    </failure>
  </testcase> <!-- verifyUsernamWithSpecCharWithPassword -->
  <testcase classname="com.qa.sco.testCases.LoginPageTest" name="verifyUsernamWithoutSpecCharWithPassword" time="0.0">
    <failure type="java.lang.NullPointerException" message="Cannot invoke &amp;quot;com.qa.sco.pages.HomePage.UsernameWithoutSpecCharWithPassword(String, String)&amp;quot; because &amp;quot;this.homepage&amp;quot; is null">
      <![CDATA[java.lang.NullPointerException: Cannot invoke "com.qa.sco.pages.HomePage.UsernameWithoutSpecCharWithPassword(String, String)" because "this.homepage" is null
at com.qa.sco.testCases.LoginPageTest.verifyUsernamWithoutSpecCharWithPassword(LoginPageTest.java:67)
at java.base/java.util.ArrayList.forEach(ArrayList.java:1511)
... Removed 27 stack frames]]>
    </failure>
  </testcase> <!-- verifyUsernamWithoutSpecCharWithPassword -->
  <testcase classname="com.qa.sco.testCases.LoginPageTest" name="verifyWithoutPasswordWithUsername" time="0.001">
    <failure type="java.lang.NullPointerException" message="Cannot invoke &amp;quot;com.qa.sco.pages.HomePage.WithoutPasswordWithUsername(String)&amp;quot; because &amp;quot;this.homepage&amp;quot; is null">
      <![CDATA[java.lang.NullPointerException: Cannot invoke "com.qa.sco.pages.HomePage.WithoutPasswordWithUsername(String)" because "this.homepage" is null
at com.qa.sco.testCases.LoginPageTest.verifyWithoutPasswordWithUsername(LoginPageTest.java:57)
at java.base/java.util.ArrayList.forEach(ArrayList.java:1511)
... Removed 27 stack frames]]>
    </failure>
  </testcase> <!-- verifyWithoutPasswordWithUsername -->
  <testcase classname="com.qa.sco.testCases.LoginPageTest" name="verifyWithoutUsernameWithPassword" time="0.001">
    <failure type="java.lang.NullPointerException" message="Cannot invoke &amp;quot;com.qa.sco.pages.HomePage.WithoutUsernameWithPassword(String)&amp;quot; because &amp;quot;this.homepage&amp;quot; is null">
      <![CDATA[java.lang.NullPointerException: Cannot invoke "com.qa.sco.pages.HomePage.WithoutUsernameWithPassword(String)" because "this.homepage" is null
at com.qa.sco.testCases.LoginPageTest.verifyWithoutUsernameWithPassword(LoginPageTest.java:62)
at java.base/java.util.ArrayList.forEach(ArrayList.java:1511)
... Removed 27 stack frames]]>
    </failure>
  </testcase> <!-- verifyWithoutUsernameWithPassword -->
  <testcase classname="com.qa.sco.testCases.LoginPageTest" name="verifytWithoutUserNameANDPassword" time="0.001">
    <failure type="java.lang.NullPointerException" message="Cannot invoke &amp;quot;com.qa.sco.pages.HomePage.WithoutUserNameANDPassword()&amp;quot; because &amp;quot;this.homepage&amp;quot; is null">
      <![CDATA[java.lang.NullPointerException: Cannot invoke "com.qa.sco.pages.HomePage.WithoutUserNameANDPassword()" because "this.homepage" is null
at com.qa.sco.testCases.LoginPageTest.verifytWithoutUserNameANDPassword(LoginPageTest.java:51)
at java.base/java.util.ArrayList.forEach(ArrayList.java:1511)
... Removed 27 stack frames]]>
    </failure>
  </testcase> <!-- verifytWithoutUserNameANDPassword -->
  <testcase classname="com.qa.sco.testCases.LoginPageTest" name="verifyAfterSelection" time="0.0">
    <ignored/>
  </testcase> <!-- verifyAfterSelection -->
  <testcase classname="com.qa.sco.testCases.LoginPageTest" name="cellValue" time="0.0">
    <ignored/>
  </testcase> <!-- cellValue -->
  <testcase classname="com.qa.sco.testCases.LoginPageTest" name="verifySecondDisableButton" time="0.0">
    <ignored/>
  </testcase> <!-- verifySecondDisableButton -->
  <testcase classname="com.qa.sco.testCases.LoginPageTest" name="verifySecondListItem" time="0.0">
    <ignored/>
  </testcase> <!-- verifySecondListItem -->
  <testcase classname="com.qa.sco.testCases.LoginPageTest" name="verifyDefaultOption" time="0.0">
    <ignored/>
  </testcase> <!-- verifyDefaultOption -->
  <testcase classname="com.qa.sco.testCases.LoginPageTest" name="Test5button" time="0.0">
    <ignored/>
  </testcase> <!-- Test5button -->
  <testcase classname="com.qa.sco.testCases.LoginPageTest" name="verifyBudgeValueOfSecondListItem" time="0.0">
    <ignored/>
  </testcase> <!-- verifyBudgeValueOfSecondListItem -->
  <testcase classname="com.qa.sco.testCases.LoginPageTest" name="verifytotalListgroup" time="0.0">
    <ignored/>
  </testcase> <!-- verifytotalListgroup -->
  <testcase classname="com.qa.sco.testCases.LoginPageTest" name="Test5buttonDisable" time="0.0">
    <ignored/>
  </testcase> <!-- Test5buttonDisable -->
  <testcase classname="com.qa.sco.testCases.LoginPageTest" name="verifyFirstEnableButton" time="0.0">
    <ignored/>
  </testcase> <!-- verifyFirstEnableButton -->
</testsuite> <!-- TechnicalTest -->
